
glsl/handheld/lcd-shader/backup/lcd-pass-1.glsl
glsl/handheld/lcd-shader/backup/lcd-pass-0.glsl
glsl/crt/crt-royale/src/crt-royale-bloom-approx-fake-bloom-intel.glsl
glsl/crt/crt-royale/src/crt-royale-scanlines-horizontal-apply-mask-fake-bloom-intel.glsl
glsl/crt/crt-royale/src/crt-royale-brightpass.glsl
glsl/crt/crt-royale/src/crt-royale-bloom-approx.glsl
glsl/crt/crt-royale/src/crt-royale-bloom-approx-intel.glsl
glsl/crt/crt-royale/src/crt-royale-bloom-horizontal-reconstitute.glsl
glsl/crt/crt-royale/src/crt-royale-scanlines-horizontal-apply-mask-fake-bloom.glsl
glsl/crt/crt-royale/src/crt-royale-bloom-approx-fake-bloom.glsl
glsl/crt/crt-royale/src/crt-royale-scanlines-horizontal-apply-mask-intel.glsl
glsl/crt/crt-royale/src/crt-royale-scanlines-horizontal-apply-mask.glsl
glsl/crt/GTU-famicom/scaleX.glsl
glsl/crt/GTU-famicom/lowPass_lite.glsl
glsl/crt/GTU-famicom/scaleY.glsl
glsl/crt/GTU-famicom/combFilter.glsl
glsl/crt/GTU-famicom/combFilter_lite.glsl
glsl/crt/GTU-famicom/scaleX_lite.glsl
glsl/crt/GTU-famicom/DAC.glsl
glsl/crt/GTU-famicom/lowPass.glsl
glsl/crt/GTU-famicom/scaleY_lite.glsl
glsl/xbr/legacy/3xbr-v2.1.glsl
glsl/3dfx/3dfx_pass_2.glsl
glsl/blurs/blur6x6shared-last-pass.glsl
glsl/blurs/blur6x6shared.glsl
glsl/blurs/blur8x8shared-last-pass.glsl
glsl/blurs/blur6x6shared-last-pass-gamma-encode-every-fbo.glsl
glsl/blurs/blur12x12shared-last-pass-gamma-encode-every-fbo.glsl
glsl/blurs/blur12x12shared-last-pass.glsl
glsl/blurs/blur8x8shared-last-pass-gamma-encode-every-fbo.glsl
glsl/blurs/blur6x6shared-gamma-encode-every-fbo.glsl
glsl/blurs/blur8x8shared-gamma-encode-every-fbo.glsl
glsl/blurs/blur10x10shared-last-pass.glsl
glsl/blurs/blur8x8shared.glsl
glsl/blurs/blur12x12shared.glsl
glsl/blurs/blur10x10shared.glsl
glsl/blurs/blur10x10shared-gamma-encode-every-fbo.glsl
glsl/blurs/blur10x10shared-last-pass-gamma-encode-every-fbo.glsl
glsl/blurs/blur12x12shared-gamma-encode-every-fbo.glsl
